<?xml version="1.0" encoding="UTF-8"?>
<testng-results ignored="0" total="1" passed="1" failed="0" skipped="0">
  <reporter-output>
  </reporter-output>
  <suite started-at="2025-05-23T15:15:54 IST" name="Default suite" finished-at="2025-05-23T15:15:57 IST" duration-ms="3345">
    <groups>
      <group name="P0">
        <method signature="TC_CreateBooking.testCreateBooking()[pri:0, instance:com.APIAutomationFramework.misc.create.TC_CreateBooking@3a7b503d]" name="testCreateBooking" class="com.APIAutomationFramework.misc.create.TC_CreateBooking"/>
      </group> <!-- P0 -->
      <group name="stage">
        <method signature="TC_CreateBooking.testCreateBooking()[pri:0, instance:com.APIAutomationFramework.misc.create.TC_CreateBooking@3a7b503d]" name="testCreateBooking" class="com.APIAutomationFramework.misc.create.TC_CreateBooking"/>
      </group> <!-- stage -->
    </groups>
    <test started-at="2025-05-23T15:15:54 IST" name="Default test" finished-at="2025-05-23T15:15:57 IST" duration-ms="3345">
      <class name="com.APIAutomationFramework.misc.create.TC_CreateBooking">
        <test-method is-config="true" signature="setConfig()[pri:0, instance:com.APIAutomationFramework.misc.create.TC_CreateBooking@3a7b503d]" started-at="2025-05-23T15:15:54 IST" name="setConfig" finished-at="2025-05-23T15:15:54 IST" duration-ms="100" status="PASS">
          <reporter-output>
          </reporter-output>
        </test-method> <!-- setConfig -->
        <test-method signature="testCreateBooking()[pri:0, instance:com.APIAutomationFramework.misc.create.TC_CreateBooking@3a7b503d]" started-at="2025-05-23T15:15:54 IST" name="testCreateBooking" finished-at="2025-05-23T15:15:57 IST" duration-ms="3059" status="PASS">
          <reporter-output>
          </reporter-output>
        </test-method> <!-- testCreateBooking -->
      </class> <!-- com.APIAutomationFramework.misc.create.TC_CreateBooking -->
    </test> <!-- Default test -->
  </suite> <!-- Default suite -->
</testng-results>
